<?xml version="1.0" encoding="UTF-8"?>
<testng-results ignored="0" total="1" passed="1" failed="0" skipped="0">
  <reporter-output>
  </reporter-output>
  <suite started-at="2023-11-11T09:36:56 IST" name="vtiger_automation" finished-at="2023-11-11T09:37:29 IST" duration-ms="32654">
    <groups>
    </groups>
    <test started-at="2023-11-11T09:36:56 IST" name="Test" finished-at="2023-11-11T09:37:29 IST" duration-ms="32654">
      <class name="testCases.LoginTest">
        <test-method is-config="true" signature="browsersetup(java.lang.String)[pri:0, instance:testCases.LoginTest@71ba6d4e]" started-at="2023-11-11T09:36:56 IST" name="browsersetup" finished-at="2023-11-11T09:37:15 IST" duration-ms="18944" status="PASS">
          <params>
            <param index="0">
              <value>
                <![CDATA[edge]]>
              </value>
            </param>
          </params>
          <reporter-output>
          </reporter-output>
        </test-method> <!-- browsersetup -->
        <test-method signature="tc_login()[pri:0, instance:testCases.LoginTest@71ba6d4e]" started-at="2023-11-11T09:37:15 IST" name="tc_login" finished-at="2023-11-11T09:37:28 IST" duration-ms="12498" status="PASS">
          <reporter-output>
          </reporter-output>
        </test-method> <!-- tc_login -->
        <test-method is-config="true" signature="closeBrowser()[pri:0, instance:testCases.LoginTest@71ba6d4e]" started-at="2023-11-11T09:37:28 IST" name="closeBrowser" finished-at="2023-11-11T09:37:29 IST" duration-ms="714" status="PASS">
          <reporter-output>
          </reporter-output>
        </test-method> <!-- closeBrowser -->
      </class> <!-- testCases.LoginTest -->
    </test> <!-- Test -->
  </suite> <!-- vtiger_automation -->
</testng-results>
