<?xml version="1.0" encoding="UTF-8"?>
<!-- Generated by org.testng.reporters.JUnitXMLReporter -->
<testsuite ignored="0" hostname="DESKTOP-6064CKU" failures="4" tests="5" name="Test" time="165.333" errors="0" timestamp="2023-11-08T21:33:22 IST">
  <testcase classname="testCases.LoginTest" name="tc_verifyloginwithmultipledata" time="15.653">
    <failure type="java.lang.AssertionError" message="expected [true] but found [false]">
      <![CDATA[java.lang.AssertionError: expected [true] but found [false]
at testCases.LoginTest.tc_verifyloginwithmultipledata(LoginTest.java:97)
at java.base/java.util.ArrayList.forEach(ArrayList.java:1511)
... Removed 31 stack frames]]>
    </failure>
  </testcase> <!-- tc_verifyloginwithmultipledata -->
  <testcase classname="testCases.LoginTest" name="tc_verifyloginwithmultipledata" time="14.975">
    <failure type="java.lang.AssertionError" message="expected [true] but found [false]">
      <![CDATA[java.lang.AssertionError: expected [true] but found [false]
at testCases.LoginTest.tc_verifyloginwithmultipledata(LoginTest.java:97)
at java.base/java.util.ArrayList.forEach(ArrayList.java:1511)
... Removed 31 stack frames]]>
    </failure>
  </testcase> <!-- tc_verifyloginwithmultipledata -->
  <testcase classname="testCases.LoginTest" name="tc_verifyloginwithmultipledata" time="15.416">
    <failure type="java.lang.AssertionError" message="expected [true] but found [false]">
      <![CDATA[java.lang.AssertionError: expected [true] but found [false]
at testCases.LoginTest.tc_verifyloginwithmultipledata(LoginTest.java:97)
at java.base/java.util.ArrayList.forEach(ArrayList.java:1511)
... Removed 31 stack frames]]>
    </failure>
  </testcase> <!-- tc_verifyloginwithmultipledata -->
  <testcase classname="testCases.LoginTest" name="tc_verifyloginwithmultipledata" time="16.011">
    <failure type="java.lang.AssertionError" message="expected [true] but found [false]">
      <![CDATA[java.lang.AssertionError: expected [true] but found [false]
at testCases.LoginTest.tc_verifyloginwithmultipledata(LoginTest.java:97)
at java.base/java.util.ArrayList.forEach(ArrayList.java:1511)
... Removed 31 stack frames]]>
    </failure>
  </testcase> <!-- tc_verifyloginwithmultipledata -->
  <testcase classname="testCases.LoginTest" name="tc_verifyloginwithmultipledata" time="16.692"/>
</testsuite> <!-- Test -->
